<?xml version="1.0" encoding="UTF-8"?>
<!-- Generated by org.testng.reporters.JUnitReportReporter -->
<testsuite hostname="LAPTOP-O6420LTG" failures="0" tests="1" name="com.nandita.testcases.ManageCategoryTest" time="6.258" errors="0" timestamp="2024-07-25T15:46:16 IST" skipped="0">
  <testcase classname="com.nandita.testcases.ManageCategoryTest" name="mCatLogin" time="6.258"/>
  <system-out/>
</testsuite> <!-- com.nandita.testcases.ManageCategoryTest -->
