<?xml version="1.0" encoding="UTF-8"?>
<!-- Generated by org.testng.reporters.JUnitReportReporter -->
<testsuite hostname="LAPTOP-O6420LTG" failures="0" tests="2" name="com.nandita.testcases.LoginPageTest" time="10.452" errors="0" timestamp="2024-07-23T09:12:29 IST" skipped="0">
  <testcase classname="com.nandita.testcases.LoginPageTest" name="verifyNewUserLink" time="3.674"/>
  <testcase classname="com.nandita.testcases.LoginPageTest" name="Login" time="6.778"/>
</testsuite> <!-- com.nandita.testcases.LoginPageTest -->
