<?xml version="1.0" encoding="UTF-8"?>
<!-- Generated by org.testng.reporters.JUnitReportReporter -->
<testsuite hostname="LAPTOP-O6420LTG" failures="0" tests="1" name="com.nandita.testcases.manageCategories" time="3.432" errors="0" timestamp="2024-07-22T12:28:57 IST" skipped="0">
  <testcase classname="com.nandita.testcases.manageCategories" name="mCategories" time="3.432"/>
</testsuite> <!-- com.nandita.testcases.manageCategories -->
