<?xml version="1.0" encoding="UTF-8"?>
<!-- Generated by org.testng.reporters.JUnitReportReporter -->
<testsuite hostname="LAPTOP-O6420LTG" failures="0" tests="1" name="com.nandita.testcases.RegistrationPageTest" time="3.295" errors="0" timestamp="2024-07-28T18:51:15 IST" skipped="0">
  <testcase classname="com.nandita.testcases.RegistrationPageTest" name="newUserClick" time="3.295"/>
  <system-out/>
</testsuite> <!-- com.nandita.testcases.RegistrationPageTest -->
