<?xml version="1.0" encoding="UTF-8"?>
<!-- Generated by org.testng.reporters.JUnitReportReporter -->
<testsuite hostname="LAPTOP-O6420LTG" failures="0" tests="1" name="com.nandita.testcases.registrationPageTest" time="4.452" errors="0" timestamp="2024-07-20T08:00:04 IST" skipped="0">
  <testcase classname="com.nandita.testcases.registrationPageTest" name="newUserClick" time="4.452"/>
</testsuite> <!-- com.nandita.testcases.registrationPageTest -->
