<?xml version="1.0" encoding="UTF-8"?>
<!-- Generated by org.testng.reporters.JUnitReportReporter -->
<testsuite hostname="LAPTOP-O6420LTG" failures="0" tests="1" name="com.nandita.testcases.part1NewUserClick" time="0.972" errors="0" timestamp="2024-07-18T12:30:53 IST" skipped="0">
  <testcase classname="com.nandita.testcases.part1NewUserClick" name="testSignupPage" time="0.972"/>
</testsuite> <!-- com.nandita.testcases.part1NewUserClick -->
