<?xml version="1.0" encoding="UTF-8"?>
<!-- Generated by org.testng.reporters.JUnitReportReporter -->
<testsuite hostname="LAPTOP-O6420LTG" failures="0" tests="2" name="com.nandita.testcases.LoginPageTest" time="7.491" errors="0" timestamp="2024-07-20T08:00:04 IST" skipped="0">
  <testcase classname="com.nandita.testcases.LoginPageTest" name="Login" time="4.957"/>
  <testcase classname="com.nandita.testcases.LoginPageTest" name="verifyNewUserLink" time="2.534"/>
</testsuite> <!-- com.nandita.testcases.LoginPageTest -->
