<?xml version="1.0" encoding="UTF-8"?>
<!-- Generated by org.testng.reporters.JUnitReportReporter -->
<testsuite hostname="LAPTOP-O6420LTG" failures="0" tests="1" name="com.nandita.testcases.Sample" time="0.020" errors="0" timestamp="2024-07-23T10:17:23 IST" skipped="0">
  <testcase classname="com.nandita.testcases.Sample" name="test1" time="0.020"/>
  <system-out/>
</testsuite> <!-- com.nandita.testcases.Sample -->
