<?xml version="1.0" encoding="UTF-8"?>
<!-- Generated by org.testng.reporters.JUnitReportReporter -->
<testsuite hostname="LAPTOP-O6420LTG" failures="0" tests="1" name="com.nandita.testcases.registrationPageTest" time="6.381" errors="0" timestamp="2024-07-23T09:12:29 IST" skipped="0">
  <testcase classname="com.nandita.testcases.registrationPageTest" name="newUserClick" time="6.381"/>
</testsuite> <!-- com.nandita.testcases.registrationPageTest -->
