<?xml version="1.0" encoding="UTF-8"?>
<!-- Generated by org.testng.reporters.JUnitReportReporter -->
<testsuite hostname="LAPTOP-O6420LTG" failures="0" tests="1" name="com.nandita.testcases.RegistrationPageTest" time="5.903" errors="0" timestamp="2024-07-25T15:46:16 IST" skipped="0">
  <testcase classname="com.nandita.testcases.RegistrationPageTest" name="newUserClick" time="5.903"/>
  <system-out/>
</testsuite> <!-- com.nandita.testcases.RegistrationPageTest -->
