<?xml version="1.0" encoding="UTF-8"?>
<!-- Generated by org.testng.reporters.JUnitReportReporter -->
<testsuite hostname="LAPTOP-O6420LTG" failures="0" tests="2" name="com.nandita.testcases.LoginPageTest" time="8.839" errors="0" timestamp="2024-07-25T15:46:16 IST" skipped="0">
  <testcase classname="com.nandita.testcases.LoginPageTest" name="Login" time="5.812"/>
  <system-out/>
  <testcase classname="com.nandita.testcases.LoginPageTest" name="verifyNewUserLink" time="3.027"/>
  <system-out/>
</testsuite> <!-- com.nandita.testcases.LoginPageTest -->
