<?xml version="1.0" encoding="UTF-8"?>
<!-- Generated by org.testng.reporters.JUnitReportReporter -->
<testsuite hostname="LAPTOP-O6420LTG" failures="0" tests="1" name="com.nandita.testcases.manageCategoryTest" time="5.932" errors="0" timestamp="2024-07-23T07:38:26 IST" skipped="0">
  <testcase classname="com.nandita.testcases.manageCategoryTest" name="mCatLogin" time="5.932"/>
</testsuite> <!-- com.nandita.testcases.manageCategoryTest -->
