<?xml version="1.0" encoding="UTF-8"?>
<!-- Generated by org.testng.reporters.JUnitReportReporter -->
<testsuite hostname="LAPTOP-O6420LTG" failures="0" tests="2" name="com.nandita.testcases.LoginPageTest" time="7.357" errors="0" timestamp="2024-07-28T17:26:31 IST" skipped="0">
  <testcase classname="com.nandita.testcases.LoginPageTest" name="verifyNewUserLink" time="2.437"/>
  <system-out/>
  <testcase classname="com.nandita.testcases.LoginPageTest" name="Login" time="4.920"/>
  <system-out/>
</testsuite> <!-- com.nandita.testcases.LoginPageTest -->
