<?xml version="1.0" encoding="UTF-8"?>
<!-- Generated by org.testng.reporters.JUnitReportReporter -->
<testsuite hostname="LAPTOP-O6420LTG" failures="0" tests="1" name="com.nandita.testcases.registrationPageTest" time="5.906" errors="0" timestamp="2024-07-24T12:44:33 IST" skipped="0">
  <testcase classname="com.nandita.testcases.registrationPageTest" name="newUserClick" time="5.906"/>
  <system-out/>
</testsuite> <!-- com.nandita.testcases.registrationPageTest -->
